mode: set
github.com/chenemiken/goland/bookings/internal/handlers/handlers.go:28.63,33.2 1 0
github.com/chenemiken/goland/bookings/internal/handlers/handlers.go:35.51,40.2 1 1
github.com/chenemiken/goland/bookings/internal/handlers/handlers.go:42.33,44.2 1 1
github.com/chenemiken/goland/bookings/internal/handlers/handlers.go:46.67,48.2 1 1
github.com/chenemiken/goland/bookings/internal/handlers/handlers.go:50.68,52.2 1 1
github.com/chenemiken/goland/bookings/internal/handlers/handlers.go:54.74,56.9 2 1
github.com/chenemiken/goland/bookings/internal/handlers/handlers.go:61.2,64.16 3 1
github.com/chenemiken/goland/bookings/internal/handlers/handlers.go:69.2,84.4 9 1
github.com/chenemiken/goland/bookings/internal/handlers/handlers.go:56.9,60.3 3 1
github.com/chenemiken/goland/bookings/internal/handlers/handlers.go:64.16,68.3 3 1
github.com/chenemiken/goland/bookings/internal/handlers/handlers.go:87.78,89.16 2 1
github.com/chenemiken/goland/bookings/internal/handlers/handlers.go:95.2,99.16 4 1
github.com/chenemiken/goland/bookings/internal/handlers/handlers.go:105.2,106.16 2 1
github.com/chenemiken/goland/bookings/internal/handlers/handlers.go:112.2,113.16 2 1
github.com/chenemiken/goland/bookings/internal/handlers/handlers.go:119.2,139.19 9 1
github.com/chenemiken/goland/bookings/internal/handlers/handlers.go:151.2,152.16 2 1
github.com/chenemiken/goland/bookings/internal/handlers/handlers.go:157.2,166.16 3 1
github.com/chenemiken/goland/bookings/internal/handlers/handlers.go:172.2,174.65 2 1
github.com/chenemiken/goland/bookings/internal/handlers/handlers.go:89.16,93.3 3 1
github.com/chenemiken/goland/bookings/internal/handlers/handlers.go:99.16,103.3 3 1
github.com/chenemiken/goland/bookings/internal/handlers/handlers.go:106.16,110.3 3 1
github.com/chenemiken/goland/bookings/internal/handlers/handlers.go:113.16,117.3 3 1
github.com/chenemiken/goland/bookings/internal/handlers/handlers.go:139.19,149.3 5 1
github.com/chenemiken/goland/bookings/internal/handlers/handlers.go:152.16,156.3 3 1
github.com/chenemiken/goland/bookings/internal/handlers/handlers.go:166.16,170.3 3 1
github.com/chenemiken/goland/bookings/internal/handlers/handlers.go:177.71,179.2 1 1
github.com/chenemiken/goland/bookings/internal/handlers/handlers.go:181.69,183.2 1 1
github.com/chenemiken/goland/bookings/internal/handlers/handlers.go:185.75,187.2 1 1
github.com/chenemiken/goland/bookings/internal/handlers/handlers.go:188.79,194.16 5 0
github.com/chenemiken/goland/bookings/internal/handlers/handlers.go:198.2,199.16 2 0
github.com/chenemiken/goland/bookings/internal/handlers/handlers.go:204.2,205.16 2 0
github.com/chenemiken/goland/bookings/internal/handlers/handlers.go:210.2,210.20 1 0
github.com/chenemiken/goland/bookings/internal/handlers/handlers.go:214.2,225.4 5 0
github.com/chenemiken/goland/bookings/internal/handlers/handlers.go:194.16,197.3 2 0
github.com/chenemiken/goland/bookings/internal/handlers/handlers.go:199.16,202.3 2 0
github.com/chenemiken/goland/bookings/internal/handlers/handlers.go:205.16,208.3 2 0
github.com/chenemiken/goland/bookings/internal/handlers/handlers.go:210.20,213.3 2 0
github.com/chenemiken/goland/bookings/internal/handlers/handlers.go:237.83,253.16 9 0
github.com/chenemiken/goland/bookings/internal/handlers/handlers.go:257.2,258.14 2 0
github.com/chenemiken/goland/bookings/internal/handlers/handlers.go:253.16,256.3 2 0
github.com/chenemiken/goland/bookings/internal/handlers/handlers.go:261.70,263.2 1 0
github.com/chenemiken/goland/bookings/internal/handlers/handlers.go:265.81,267.9 2 1
github.com/chenemiken/goland/bookings/internal/handlers/handlers.go:274.2,287.4 8 0
github.com/chenemiken/goland/bookings/internal/handlers/handlers.go:267.9,272.3 4 1
github.com/chenemiken/goland/bookings/internal/handlers/handlers.go:290.73,292.16 2 0
github.com/chenemiken/goland/bookings/internal/handlers/handlers.go:297.2,298.9 2 0
github.com/chenemiken/goland/bookings/internal/handlers/handlers.go:302.2,305.63 3 0
github.com/chenemiken/goland/bookings/internal/handlers/handlers.go:292.16,295.3 2 0
github.com/chenemiken/goland/bookings/internal/handlers/handlers.go:298.9,300.3 1 0
github.com/chenemiken/goland/bookings/internal/handlers/handlers.go:308.71,324.2 8 0
