mode: set
github.com/chenemiken/goland/bookings/internal/handlers/handlers.go:27.63,32.2 1 1
github.com/chenemiken/goland/bookings/internal/handlers/handlers.go:34.51,39.2 1 1
github.com/chenemiken/goland/bookings/internal/handlers/handlers.go:41.33,43.2 1 1
github.com/chenemiken/goland/bookings/internal/handlers/handlers.go:45.67,47.2 1 1
github.com/chenemiken/goland/bookings/internal/handlers/handlers.go:49.68,51.2 1 1
github.com/chenemiken/goland/bookings/internal/handlers/handlers.go:53.74,55.9 2 1
github.com/chenemiken/goland/bookings/internal/handlers/handlers.go:60.2,63.16 3 1
github.com/chenemiken/goland/bookings/internal/handlers/handlers.go:68.2,83.4 9 1
github.com/chenemiken/goland/bookings/internal/handlers/handlers.go:55.9,59.3 3 1
github.com/chenemiken/goland/bookings/internal/handlers/handlers.go:63.16,67.3 3 1
github.com/chenemiken/goland/bookings/internal/handlers/handlers.go:86.78,88.16 2 1
github.com/chenemiken/goland/bookings/internal/handlers/handlers.go:94.2,98.16 4 1
github.com/chenemiken/goland/bookings/internal/handlers/handlers.go:104.2,105.16 2 1
github.com/chenemiken/goland/bookings/internal/handlers/handlers.go:111.2,112.16 2 1
github.com/chenemiken/goland/bookings/internal/handlers/handlers.go:118.2,138.19 9 1
github.com/chenemiken/goland/bookings/internal/handlers/handlers.go:150.2,151.16 2 1
github.com/chenemiken/goland/bookings/internal/handlers/handlers.go:156.2,165.16 3 1
github.com/chenemiken/goland/bookings/internal/handlers/handlers.go:171.2,173.65 2 1
github.com/chenemiken/goland/bookings/internal/handlers/handlers.go:88.16,92.3 3 1
github.com/chenemiken/goland/bookings/internal/handlers/handlers.go:98.16,102.3 3 1
github.com/chenemiken/goland/bookings/internal/handlers/handlers.go:105.16,109.3 3 1
github.com/chenemiken/goland/bookings/internal/handlers/handlers.go:112.16,116.3 3 1
github.com/chenemiken/goland/bookings/internal/handlers/handlers.go:138.19,148.3 5 1
github.com/chenemiken/goland/bookings/internal/handlers/handlers.go:151.16,155.3 3 1
github.com/chenemiken/goland/bookings/internal/handlers/handlers.go:165.16,169.3 3 1
github.com/chenemiken/goland/bookings/internal/handlers/handlers.go:176.71,178.2 1 1
github.com/chenemiken/goland/bookings/internal/handlers/handlers.go:180.69,182.2 1 1
github.com/chenemiken/goland/bookings/internal/handlers/handlers.go:184.75,186.2 1 1
github.com/chenemiken/goland/bookings/internal/handlers/handlers.go:187.79,189.16 2 1
github.com/chenemiken/goland/bookings/internal/handlers/handlers.go:195.2,200.16 5 1
github.com/chenemiken/goland/bookings/internal/handlers/handlers.go:206.2,207.16 2 1
github.com/chenemiken/goland/bookings/internal/handlers/handlers.go:214.2,215.16 2 1
github.com/chenemiken/goland/bookings/internal/handlers/handlers.go:222.2,222.20 1 1
github.com/chenemiken/goland/bookings/internal/handlers/handlers.go:226.2,236.4 5 1
github.com/chenemiken/goland/bookings/internal/handlers/handlers.go:189.16,194.3 4 1
github.com/chenemiken/goland/bookings/internal/handlers/handlers.go:200.16,205.3 4 1
github.com/chenemiken/goland/bookings/internal/handlers/handlers.go:207.16,212.3 4 1
github.com/chenemiken/goland/bookings/internal/handlers/handlers.go:215.16,220.3 4 1
github.com/chenemiken/goland/bookings/internal/handlers/handlers.go:222.20,225.3 2 1
github.com/chenemiken/goland/bookings/internal/handlers/handlers.go:249.83,251.16 2 1
github.com/chenemiken/goland/bookings/internal/handlers/handlers.go:264.2,271.16 7 1
github.com/chenemiken/goland/bookings/internal/handlers/handlers.go:283.2,294.14 4 1
github.com/chenemiken/goland/bookings/internal/handlers/handlers.go:251.16,262.3 5 1
github.com/chenemiken/goland/bookings/internal/handlers/handlers.go:271.16,281.3 5 1
github.com/chenemiken/goland/bookings/internal/handlers/handlers.go:297.70,299.2 1 1
github.com/chenemiken/goland/bookings/internal/handlers/handlers.go:301.81,303.9 2 1
github.com/chenemiken/goland/bookings/internal/handlers/handlers.go:309.2,322.4 8 1
github.com/chenemiken/goland/bookings/internal/handlers/handlers.go:303.9,307.3 3 1
github.com/chenemiken/goland/bookings/internal/handlers/handlers.go:325.73,333.16 3 1
github.com/chenemiken/goland/bookings/internal/handlers/handlers.go:340.2,341.9 2 1
github.com/chenemiken/goland/bookings/internal/handlers/handlers.go:348.2,351.63 3 1
github.com/chenemiken/goland/bookings/internal/handlers/handlers.go:333.16,338.3 4 1
github.com/chenemiken/goland/bookings/internal/handlers/handlers.go:341.9,346.3 4 1
github.com/chenemiken/goland/bookings/internal/handlers/handlers.go:354.71,370.2 8 1
